<?xml version="1.0" encoding="UTF-8"?>
<!-- Generated by org.testng.reporters.JUnitReportReporter -->
<testsuite skipped="0" hostname="MacBook-Pro-de-Melissa.local" name="BasicTests.Basic2" tests="2" failures="0" timestamp="27 feb 2018 04:51:53 GMT" time="4.915" errors="0">
  <testcase name="postData" time="3.405" classname="BasicTests.Basic2"/>
  <testcase name="postanddeleteData" time="1.510" classname="BasicTests.Basic2"/>
</testsuite> <!-- BasicTests.Basic2 -->
