<?xml version="1.0" encoding="UTF-8"?>
<!-- Generated by org.testng.reporters.JUnitReportReporter -->
<testsuite skipped="0" hostname="MacBook-Pro-de-Melissa.local" name="BasicTests.TestNG" tests="1" failures="0" timestamp="27 feb 2018 04:51:53 GMT" time="0.794" errors="0">
  <testcase name="Test" time="0.794" classname="BasicTests.TestNG"/>
</testsuite> <!-- BasicTests.TestNG -->
