<?xml version="1.0" encoding="UTF-8"?>
<!-- Generated by org.testng.reporters.JUnitReportReporter -->
<testsuite skipped="0" hostname="MacBook-Pro-de-Melissa.local" name="BasicTests.Basic4XML" tests="2" failures="0" timestamp="27 feb 2018 04:51:53 GMT" time="2.425" errors="0">
  <testcase name="postanddeleteData" time="1.516" classname="BasicTests.Basic4XML"/>
  <testcase name="Test" time="0.909" classname="BasicTests.Basic4XML"/>
</testsuite> <!-- BasicTests.Basic4XML -->
