<?xml version="1.0" encoding="UTF-8"?>
<!-- Generated by org.testng.reporters.JUnitReportReporter -->
<testsuite skipped="0" hostname="MacBook-Pro-de-Melissa.local" name="TWITTERAPI.twitter" tests="3" failures="0" timestamp="27 feb 2018 04:51:53 GMT" time="2.814" errors="0">
  <testcase name="deleteTweet" time="1.392" classname="TWITTERAPI.twitter"/>
  <testcase name="getAllTweets" time="0.637" classname="TWITTERAPI.twitter"/>
  <testcase name="postTweet" time="0.785" classname="TWITTERAPI.twitter"/>
</testsuite> <!-- TWITTERAPI.twitter -->
