<?xml version="1.0" encoding="UTF-8"?>
<!-- Generated by org.testng.reporters.JUnitReportReporter -->
<testsuite skipped="0" hostname="MacBook-Pro-de-Melissa.local" name="BasicTests.Basic3" tests="2" failures="0" timestamp="27 feb 2018 04:51:53 GMT" time="2.815" errors="0">
  <testcase name="postanddeleteData" time="1.363" classname="BasicTests.Basic3"/>
  <testcase name="Test" time="1.452" classname="BasicTests.Basic3"/>
</testsuite> <!-- BasicTests.Basic3 -->
