<?xml version="1.0" encoding="UTF-8"?>
<!-- Generated by org.testng.reporters.JUnitReportReporter -->
<testsuite skipped="0" hostname="MacBook-Pro-de-Melissa.local" name="BasicTests.Basic3" tests="2" failures="0" timestamp="27 feb 2018 04:58:05 GMT" time="2.989" errors="0">
  <testcase name="postanddeleteData" time="1.635" classname="BasicTests.Basic3"/>
  <testcase name="Test" time="1.354" classname="BasicTests.Basic3"/>
</testsuite> <!-- BasicTests.Basic3 -->
