<?xml version="1.0" encoding="UTF-8"?>
<!-- Generated by org.testng.reporters.JUnitReportReporter -->
<testsuite skipped="0" hostname="MacBook-Pro-de-Melissa.local" name="TWITTERAPI.twitter" tests="3" failures="0" timestamp="27 feb 2018 04:58:05 GMT" time="2.862" errors="0">
  <testcase name="postTweet" time="0.703" classname="TWITTERAPI.twitter"/>
  <testcase name="getAllTweets" time="0.518" classname="TWITTERAPI.twitter"/>
  <testcase name="deleteTweet" time="1.641" classname="TWITTERAPI.twitter"/>
</testsuite> <!-- TWITTERAPI.twitter -->
