<?xml version="1.0" encoding="UTF-8"?>
<!-- Generated by org.testng.reporters.JUnitReportReporter -->
<testsuite skipped="0" hostname="MacBook-Pro-de-Melissa.local" name="BasicTests.Basic5" tests="1" failures="0" timestamp="27 feb 2018 04:58:05 GMT" time="1.068" errors="0">
  <testcase name="Test" time="1.068" classname="BasicTests.Basic5"/>
</testsuite> <!-- BasicTests.Basic5 -->
